<?xml version="1.0" encoding="UTF-8"?>
<!-- Generated by org.testng.reporters.JUnitReportReporter -->
<testsuite hostname="DESKTOP-CI8IVDA" failures="0" tests="1" name="producttest.UsingPOM_Order3ProdSwagLabs" time="6.896" errors="0" timestamp="2025-07-28T09:54:02 IST" skipped="0">
  <testcase classname="producttest.UsingPOM_Order3ProdSwagLabs" name="orderProducts" time="6.896"/>
  <system-out>
    <![CDATA[Login Successful]]>
  </system-out>
</testsuite> <!-- producttest.UsingPOM_Order3ProdSwagLabs -->
