<?xml version="1.0" encoding="UTF-8"?>
<!-- Generated by org.testng.reporters.JUnitReportReporter -->
<testsuite hostname="DESKTOP-CI8IVDA" failures="0" tests="3" name="producttest.ExampleTest" time="5.190" errors="0" timestamp="2025-07-31T11:00:37 IST" skipped="0">
  <testcase classname="producttest.ExampleTest" name="reorder1" time="1.191"/>
  <testcase classname="producttest.ExampleTest" name="reorder5" time="1.281"/>
  <testcase classname="producttest.ExampleTest" name="orderProducts" time="2.718"/>
  <system-out>
    <![CDATA[Login Successful
Login Successful
Login Successful]]>
  </system-out>
</testsuite> <!-- producttest.ExampleTest -->
