<?xml version="1.0" encoding="UTF-8"?>
<!-- Generated by org.testng.reporters.JUnitReportReporter -->
<testsuite hostname="DESKTOP-CI8IVDA" failures="0" tests="1" name="producttest.Example1Test" time="7.478" errors="0" timestamp="2025-07-23T10:00:18 IST" skipped="0">
  <testcase classname="producttest.Example1Test" name="Verify_User_Able_To_Order_3_Products" time="7.478"/>
</testsuite> <!-- producttest.Example1Test -->
